c:\users\gaevi\onedrive\documents\codepractice\engine\engine\engine\x64\debug\vc143.pdb
c:\users\gaevi\onedrive\documents\codepractice\engine\engine\engine\x64\debug\vc143.idb
c:\users\gaevi\onedrive\documents\codepractice\engine\engine\engine\x64\debug\glad.obj
c:\users\gaevi\onedrive\documents\codepractice\engine\engine\engine\x64\debug\stb.obj
c:\users\gaevi\onedrive\documents\codepractice\engine\engine\engine\x64\debug\source.obj
c:\users\gaevi\onedrive\documents\codepractice\engine\engine\engine\x64\debug\robject.obj
c:\users\gaevi\onedrive\documents\codepractice\engine\engine\engine\x64\debug\renderpipeline.obj
c:\users\gaevi\onedrive\documents\codepractice\engine\engine\engine\x64\debug\modelmanager.obj
c:\users\gaevi\onedrive\documents\codepractice\engine\engine\engine\x64\debug\mesh.obj
c:\users\gaevi\onedrive\documents\codepractice\engine\engine\engine\x64\debug\model.obj
c:\users\gaevi\onedrive\documents\codepractice\engine\engine\engine\x64\debug\engine.ilk
c:\users\gaevi\onedrive\documents\codepractice\engine\engine\engine\x64\debug\textureloader.obj
c:\users\gaevi\onedrive\documents\codepractice\engine\engine\engine\x64\debug\model.obj.enc
c:\users\gaevi\onedrive\documents\codepractice\engine\engine\x64\debug\engine.pdb
c:\users\gaevi\onedrive\documents\codepractice\engine\engine\engine\x64\debug\engine.tlog\cl.command.1.tlog
c:\users\gaevi\onedrive\documents\codepractice\engine\engine\engine\x64\debug\engine.tlog\cl.items.tlog
c:\users\gaevi\onedrive\documents\codepractice\engine\engine\engine\x64\debug\engine.tlog\cl.read.1.tlog
c:\users\gaevi\onedrive\documents\codepractice\engine\engine\engine\x64\debug\engine.tlog\cl.write.1.tlog
c:\users\gaevi\onedrive\documents\codepractice\engine\engine\engine\x64\debug\engine.tlog\link-cvtres.read.1.tlog
c:\users\gaevi\onedrive\documents\codepractice\engine\engine\engine\x64\debug\engine.tlog\link-cvtres.write.1.tlog
c:\users\gaevi\onedrive\documents\codepractice\engine\engine\engine\x64\debug\engine.tlog\link-rc.read.1.tlog
c:\users\gaevi\onedrive\documents\codepractice\engine\engine\engine\x64\debug\engine.tlog\link-rc.write.1.tlog
c:\users\gaevi\onedrive\documents\codepractice\engine\engine\engine\x64\debug\engine.tlog\link.8044-cvtres.read.1.tlog
c:\users\gaevi\onedrive\documents\codepractice\engine\engine\engine\x64\debug\engine.tlog\link.8044-cvtres.write.1.tlog
c:\users\gaevi\onedrive\documents\codepractice\engine\engine\engine\x64\debug\engine.tlog\link.8044-rc.read.1.tlog
c:\users\gaevi\onedrive\documents\codepractice\engine\engine\engine\x64\debug\engine.tlog\link.8044-rc.write.1.tlog
c:\users\gaevi\onedrive\documents\codepractice\engine\engine\engine\x64\debug\engine.tlog\link.8044.read.1.tlog
c:\users\gaevi\onedrive\documents\codepractice\engine\engine\engine\x64\debug\engine.tlog\link.8044.read.2.tlog
c:\users\gaevi\onedrive\documents\codepractice\engine\engine\engine\x64\debug\engine.tlog\link.8044.read.3.tlog
c:\users\gaevi\onedrive\documents\codepractice\engine\engine\engine\x64\debug\engine.tlog\link.8044.read.4.tlog
c:\users\gaevi\onedrive\documents\codepractice\engine\engine\engine\x64\debug\engine.tlog\link.8044.write.1.tlog
c:\users\gaevi\onedrive\documents\codepractice\engine\engine\engine\x64\debug\engine.tlog\link.command.1.tlog
c:\users\gaevi\onedrive\documents\codepractice\engine\engine\engine\x64\debug\engine.tlog\link.read.1.tlog
c:\users\gaevi\onedrive\documents\codepractice\engine\engine\engine\x64\debug\engine.tlog\link.read.2.tlog
c:\users\gaevi\onedrive\documents\codepractice\engine\engine\engine\x64\debug\engine.tlog\link.read.3.tlog
c:\users\gaevi\onedrive\documents\codepractice\engine\engine\engine\x64\debug\engine.tlog\link.read.4.tlog
c:\users\gaevi\onedrive\documents\codepractice\engine\engine\engine\x64\debug\engine.tlog\link.secondary.1.tlog
c:\users\gaevi\onedrive\documents\codepractice\engine\engine\engine\x64\debug\engine.tlog\link.write.1.tlog
